[09-Nov-2025 11:25:24 Asia/Manila] Registration error: SQLSTATE[42S22]: Column not found: 1054 Unknown column 'id' in 'SELECT'
[09-Nov-2025 11:26:02 Asia/Manila] Registration error: SQLSTATE[42S22]: Column not found: 1054 Unknown column 'id' in 'SELECT'
[09-Nov-2025 11:26:31 Asia/Manila] Registration error: SQLSTATE[42S22]: Column not found: 1054 Unknown column 'id' in 'SELECT'
[09-Nov-2025 11:29:10 Asia/Manila] Registration error: SQLSTATE[42S22]: Column not found: 1054 Unknown column 'id' in 'SELECT'
[09-Nov-2025 11:29:13 Asia/Manila] Registration error: SQLSTATE[42S22]: Column not found: 1054 Unknown column 'id' in 'SELECT'
[09-Nov-2025 11:35:24 Asia/Manila] Registration error: SQLSTATE[42S22]: Column not found: 1054 Unknown column 'student_number' in 'WHERE'
[09-Nov-2025 11:35:48 Asia/Manila] Registration error: SQLSTATE[42S22]: Column not found: 1054 Unknown column 'student_number' in 'WHERE'
[18-Nov-2025 12:36:28 Asia/Manila] PHP Fatal error:  Uncaught Error: Class "Database" not found in C:\xampp\htdocs\techpass\php\login.php:25
Stack trace:
#0 {main}
  thrown in C:\xampp\htdocs\techpass\php\login.php on line 25
[26-Nov-2025 07:29:07 Asia/Manila] PHP Fatal error:  Uncaught Error: Class "Database" not found in C:\xampp\htdocs\TechPass\php\login.php:25
Stack trace:
#0 {main}
  thrown in C:\xampp\htdocs\TechPass\php\login.php on line 25
[26-Nov-2025 09:10:24 Asia/Manila] PHP Fatal error:  Uncaught Error: Call to undefined function isLoggedIn() in C:\xampp\htdocs\TechPass\php\logout.php:4
Stack trace:
#0 {main}
  thrown in C:\xampp\htdocs\TechPass\php\logout.php on line 4
[26-Nov-2025 09:39:49 Asia/Manila] PHP Fatal error:  Uncaught Error: Call to undefined function isLoggedIn() in C:\xampp\htdocs\TechPass\php\logout.php:4
Stack trace:
#0 {main}
  thrown in C:\xampp\htdocs\TechPass\php\logout.php on line 4
[26-Nov-2025 09:39:54 Asia/Manila] PHP Fatal error:  Uncaught Error: Call to undefined function isLoggedIn() in C:\xampp\htdocs\TechPass\php\logout.php:4
Stack trace:
#0 {main}
  thrown in C:\xampp\htdocs\TechPass\php\logout.php on line 4
[26-Nov-2025 12:56:24 Asia/Manila] PHP Fatal error:  Uncaught Error: Call to undefined function isLoggedIn() in C:\xampp\htdocs\TechPass\php\logout.php:4
Stack trace:
#0 {main}
  thrown in C:\xampp\htdocs\TechPass\php\logout.php on line 4
[26-Nov-2025 16:14:25 Asia/Manila] PHP Fatal error:  Uncaught Error: Call to undefined function isLoggedIn() in C:\xampp\htdocs\TechPass\php\logout.php:4
Stack trace:
#0 {main}
  thrown in C:\xampp\htdocs\TechPass\php\logout.php on line 4
[26-Nov-2025 17:29:51 Asia/Manila] PHP Fatal error:  Uncaught Error: Call to undefined function isLoggedIn() in C:\xampp\htdocs\TechPass\php\logout.php:4
Stack trace:
#0 {main}
  thrown in C:\xampp\htdocs\TechPass\php\logout.php on line 4
